$ 1 = 01230000
$ 1 = 0123009d
$ 1 = ffff006c
$ 1 = 00000000
$ 9 = 01230000
$ 2 = cafeb800
$ 2 = cafebabe
$ 2 = cafebabf
$ 1 = cafebabe
$ 8 = 00001000
$ 9 = 01231000
$ 2 = deadb800
$ 2 = deadbeef
$ 1 = ffff00fc
$30 = ffff000c
$ 7 = e0000000
$ 2 = 00000045
$ 1 = ffff00fd
$ 2 = 00000058
$ 1 = ffff00fe
$ 2 = 00000043
$ 1 = ffff00ff
$ 2 = 00000045
$ 1 = ffff0100
$ 2 = 00000050
$ 1 = ffff0101
$ 2 = 00000054
$ 1 = ffff0102
$ 2 = 00000049
$ 1 = ffff0103
$ 2 = 0000004f
$ 1 = ffff0104
$ 2 = 0000004e
$ 1 = ffff0105
$ 2 = 00000020
$ 1 = ffff0106
$ 2 = 00000043
$ 1 = ffff0107
$ 2 = 00000041
$ 1 = ffff0108
$ 2 = 00000055
$ 1 = ffff0109
$ 2 = 00000053
$ 1 = ffff010a
$ 2 = 00000045
$ 1 = ffff010b
$ 2 = 0000003d
$ 1 = ffff010c
$ 2 = 00000000
$ 1 = 00000007
$30 = ffff0014
$ 7 = e0000000
$ 6 = 00000008
$ 2 = 00000000
$ 3 = 0000000a
$ 2 = 00000030
$ 1 = 00000070
$ 6 = 00000007
$ 2 = 00000000
$ 3 = 0000000a
$ 2 = 00000030
$ 1 = 00000700
$ 6 = 00000006
$ 2 = 00000000
$ 3 = 0000000a
$ 2 = 00000030
$ 1 = 00007000
$ 6 = 00000005
$ 2 = 00000000
$ 3 = 0000000a
$ 2 = 00000030
$ 1 = 00070000
$ 6 = 00000004
$ 2 = 00000000
$ 3 = 0000000a
$ 2 = 00000030
$ 1 = 00700000
$ 6 = 00000003
$ 2 = 00000000
$ 3 = 0000000a
$ 2 = 00000030
$ 1 = 07000000
$ 6 = 00000002
$ 2 = 00000000
$ 3 = 0000000a
$ 2 = 00000030
$ 1 = 70000000
$ 6 = 00000001
$ 2 = 00000007
$ 3 = 0000000a
$ 2 = 00000037
$ 1 = 00000000
$ 6 = 00000000
$ 1 = ffff0110
$30 = ffff001c
$ 7 = e0000000
$ 2 = 00000020
$ 1 = ffff0111
$ 2 = 00000045
$ 1 = ffff0112
$ 2 = 00000050
$ 1 = ffff0113
$ 2 = 00000043
$ 1 = ffff0114
$ 2 = 0000003d
$ 1 = ffff0115
$ 2 = 00000000
$ 1 = ffff0098
$30 = ffff0024
$ 7 = e0000000
$ 6 = 00000008
$ 2 = 0000000f
$ 3 = 0000000a
$ 2 = 00000016
$ 2 = 00000046
$ 1 = fff00980
$ 6 = 00000007
$ 2 = 0000000f
$ 3 = 0000000a
$ 2 = 00000016
$ 2 = 00000046
$ 1 = ff009800
$ 6 = 00000006
$ 2 = 0000000f
$ 3 = 0000000a
$ 2 = 00000016
$ 2 = 00000046
$ 1 = f0098000
$ 6 = 00000005
$ 2 = 0000000f
$ 3 = 0000000a
$ 2 = 00000016
$ 2 = 00000046
$ 1 = 00980000
$ 6 = 00000004
$ 2 = 00000000
$ 3 = 0000000a
$ 2 = 00000030
$ 1 = 09800000
$ 6 = 00000003
$ 2 = 00000000
$ 3 = 0000000a
$ 2 = 00000030
$ 1 = 98000000
$ 6 = 00000002
$ 2 = 00000009
$ 3 = 0000000a
$ 2 = 00000039
$ 1 = 80000000
$ 6 = 00000001
$ 2 = 00000008
$ 3 = 0000000a
$ 2 = 00000038
$ 1 = 00000000
$ 6 = 00000000
$ 1 = ffff0118
$30 = ffff002c
$ 7 = e0000000
$ 2 = 00000020
$ 1 = ffff0119
$ 2 = 00000045
$ 1 = ffff011a
$ 2 = 00000044
$ 1 = ffff011b
$ 2 = 00000041
$ 1 = ffff011c
$ 2 = 00000054
$ 1 = ffff011d
$ 2 = 00000041
$ 1 = ffff011e
$ 2 = 0000003d
$ 1 = ffff011f
$ 2 = 00000000
$ 1 = 01231100
$30 = ffff0034
$ 7 = e0000000
$ 6 = 00000008
$ 2 = 00000000
$ 3 = 0000000a
$ 2 = 00000030
$ 1 = 12311000
$ 6 = 00000007
$ 2 = 00000001
$ 3 = 0000000a
$ 2 = 00000031
$ 1 = 23110000
$ 6 = 00000006
$ 2 = 00000002
$ 3 = 0000000a
$ 2 = 00000032
$ 1 = 31100000
$ 6 = 00000005
$ 2 = 00000003
$ 3 = 0000000a
$ 2 = 00000033
$ 1 = 11000000
$ 6 = 00000004
$ 2 = 00000001
$ 3 = 0000000a
$ 2 = 00000031
$ 1 = 10000000
$ 6 = 00000003
$ 2 = 00000001
$ 3 = 0000000a
$ 2 = 00000031
$ 1 = 00000000
$ 6 = 00000002
$ 2 = 00000000
$ 3 = 0000000a
$ 2 = 00000030
$ 1 = 00000000
$ 6 = 00000001
$ 2 = 00000000
$ 3 = 0000000a
$ 2 = 00000030
$ 1 = 00000000
$ 6 = 00000000
$ 1 = 0000000a
$30 = ffff003c
$ 7 = e0000000
$ 1 = ffff0098
$ 1 = ffff009c
$30 = 00000000
